<?xml version="1.0" encoding="UTF-8"?>
<!-- Generated by org.testng.reporters.JUnitReportReporter -->
<testsuite hostname="sasi-HP" name="qa.autopractice.tests.CartPageTest" tests="2" failures="0" timestamp="29 Sep 2020 21:10:10 GMT" time="32.393" errors="0">
  <testcase name="verifyItemAddedToCart" time="21.038" classname="qa.autopractice.tests.CartPageTest"/>
  <testcase name="verifySummerDressPage" time="11.355" classname="qa.autopractice.tests.CartPageTest"/>
</testsuite> <!-- qa.autopractice.tests.CartPageTest -->
