<?xml version="1.0" encoding="UTF-8"?>
<!-- Generated by org.testng.reporters.JUnitReportReporter -->
<testsuite hostname="sasi-HP" name="qa.testpages.tests.HomePageAutoPracticeTest" tests="4" failures="0" timestamp="4 Oct 2020 21:10:41 GMT" time="64.029" errors="0">
  <testcase name="verifyItemDeletedFromCart" time="22.634" classname="qa.testpages.tests.HomePageAutoPracticeTest"/>
  <testcase name="verifySummerDressPage" time="11.655" classname="qa.testpages.tests.HomePageAutoPracticeTest"/>
  <testcase name="verifySliderChangesPriceRange" time="11.644" classname="qa.testpages.tests.HomePageAutoPracticeTest"/>
  <testcase name="verifyUserRegister" time="18.096" classname="qa.testpages.tests.HomePageAutoPracticeTest"/>
</testsuite> <!-- qa.testpages.tests.HomePageAutoPracticeTest -->
