<?xml version="1.0" encoding="UTF-8"?>
<!-- Generated by org.testng.reporters.JUnitReportReporter -->
<testsuite hostname="sasi-HP" name="qa.autopractice.tests.HomePageTest" tests="1" failures="0" timestamp="2 Oct 2020 10:58:18 GMT" time="13.351" errors="0">
  <testcase name="verifySliderChangesPriceRange" time="13.351" classname="qa.autopractice.tests.HomePageTest"/>
</testsuite> <!-- qa.autopractice.tests.HomePageTest -->
