<?xml version="1.0" encoding="UTF-8"?>
<!-- Generated by org.testng.reporters.JUnitReportReporter -->
<testsuite hostname="sasi-HP" name="qa.autoprac.tests.CartPageTest" tests="1" failures="0" timestamp="29 Sep 2020 09:22:02 GMT" time="0.019" errors="0">
  <testcase name="sampleTest" time="0.019" classname="qa.autoprac.tests.CartPageTest"/>
</testsuite> <!-- qa.autoprac.tests.CartPageTest -->
