<?xml version="1.0" encoding="UTF-8"?>
<!-- Generated by org.testng.reporters.JUnitReportReporter -->
<testsuite hostname="sasi-HP" name="qa.autopractice.tests.MenuPageTest" tests="1" failures="0" timestamp="29 Sep 2020 18:28:04 GMT" time="11.043" errors="0">
  <testcase name="sampleTest" time="11.043" classname="qa.autopractice.tests.MenuPageTest"/>
</testsuite> <!-- qa.autopractice.tests.MenuPageTest -->
