<?xml version="1.0" encoding="UTF-8"?>
<!-- Generated by org.testng.reporters.JUnitReportReporter -->
<testsuite hostname="sasi-HP" name="qa.testpages.tests.HomePageHerokuappTest" tests="8" failures="0" timestamp="4 Oct 2020 21:10:41 GMT" time="84.552" errors="0">
  <testcase name="verifyPageScroll" time="15.977" classname="qa.testpages.tests.HomePageHerokuappTest"/>
  <testcase name="verifyKeyPress" time="7.109" classname="qa.testpages.tests.HomePageHerokuappTest"/>
  <testcase name="verifyValidLogin" time="8.916" classname="qa.testpages.tests.HomePageHerokuappTest"/>
  <testcase name="verifyKeyPress" time="6.980" classname="qa.testpages.tests.HomePageHerokuappTest"/>
  <testcase name="verifyKeyPress" time="6.823" classname="qa.testpages.tests.HomePageHerokuappTest"/>
  <testcase name="verifyKeyPress" time="5.581" classname="qa.testpages.tests.HomePageHerokuappTest"/>
  <testcase name="verifyInvalidLogin" time="16.383" classname="qa.testpages.tests.HomePageHerokuappTest"/>
  <testcase name="verifyInvalidLogin" time="16.783" classname="qa.testpages.tests.HomePageHerokuappTest"/>
</testsuite> <!-- qa.testpages.tests.HomePageHerokuappTest -->
